<?xml version="1.0" encoding="UTF-8"?>
<testsuite xmlns:xsi="http://www.w3.org/2001/XMLSchema-instance" xsi:noNamespaceSchemaLocation="https://maven.apache.org/surefire/maven-surefire-plugin/xsd/surefire-test-report.xsd" name="tn.esprit.spring.kaddem.TestsEtudiantService" time="0.501" tests="2" errors="0" skipped="0" failures="0">
  <properties>
[...]
</properties>
  <testcase name="testRetrieveAllEtudiantsWithMock" classname="tn.esprit.spring.kaddem.TestsEtudiantService" time="0.481"/>
  <testcase name="testRetrieveAllEtudiantsWithoutMock" classname="tn.esprit.spring.kaddem.TestsEtudiantService" time="0.001"/>
</testsuite>