-------------------------------------------------------------------------------
Test set: tn.esprit.spring.kaddem.DepartementServiceImpIntegrationTest
-------------------------------------------------------------------------------
Tests run: 5, Failures: 1, Errors: 0, Skipped: 0, Time elapsed: 17.583 s <<< FAILURE! - in tn.esprit.spring.kaddem.DepartementServiceImpIntegrationTest
testRemoveDepartement  Time elapsed: 0.017 s  <<< FAILURE!
org.opentest4j.AssertionFailedError: Expected tn.esprit.spring.kaddem.services.DepartementNotFoundException to be thrown, but nothing was thrown.
	at tn.esprit.spring.kaddem.DepartementServiceImpIntegrationTest.testRemoveDepartement(DepartementServiceImpIntegrationTest.java:93)

